
Hierarchical N-body code (theta scan)

   nbody     dtime       eps     theta   usequad     dtout     tstop
  262144   0.03125    0.0250      1.00     false   0.25000    2.0000
KAPAN INI KELUAR (disini hitungnya)
	   rsize  tdepth   ftree  actmax    nbbtot    nbctot   CPUfc
	    64.0      16   3.083    2097  48276030 334782247   0.071

        time   |T+U|       T      -U    -T/U  |Vcom|  |Jtot|  CPUtot
       0.000 0.24943 0.24933 0.49876 0.49991 0.00000 0.00041   0.080

	   rsize  tdepth   ftree  actmax    nbbtot    nbctot   CPUfc
	    64.0      17   3.075    2090  48207069 334821136   0.071

        time   |T+U|       T      -U    -T/U  |Vcom|  |Jtot|  CPUtot
       0.031 0.24943 0.24929 0.49872 0.49986 0.00000 0.00041   0.155

	   rsize  tdepth   ftree  actmax    nbbtot    nbctot   CPUfc
	    64.0      17   3.074    2086  48220008 334698642   0.071

        time   |T+U|       T      -U    -T/U  |Vcom|  |Jtot|  CPUtot
       0.062 0.24943 0.24924 0.49867 0.49981 0.00000 0.00041   0.231

	   rsize  tdepth   ftree  actmax    nbbtot    nbctot   CPUfc
	    64.0      17   3.075    2094  47906790 335017437   0.071

        time   |T+U|       T      -U    -T/U  |Vcom|  |Jtot|  CPUtot
       0.094 0.24943 0.24919 0.49862 0.49976 0.00000 0.00041   0.306

	   rsize  tdepth   ftree  actmax    nbbtot    nbctot   CPUfc
	    64.0      17   3.079    2092  47903884 334594745   0.071

        time   |T+U|       T      -U    -T/U  |Vcom|  |Jtot|  CPUtot
       0.125 0.24941 0.24912 0.49854 0.49971 0.00000 0.00041   0.382

	   rsize  tdepth   ftree  actmax    nbbtot    nbctot   CPUfc
	    64.0      17   3.074    2085  47697871 334631886   0.071

        time   |T+U|       T      -U    -T/U  |Vcom|  |Jtot|  CPUtot
       0.156 0.24942 0.24906 0.49848 0.49964 0.00000 0.00041   0.458

	   rsize  tdepth   ftree  actmax    nbbtot    nbctot   CPUfc
	    64.0      16   3.076    2083  47448200 334764899   0.071

        time   |T+U|       T      -U    -T/U  |Vcom|  |Jtot|  CPUtot
       0.188 0.24942 0.24898 0.49841 0.49956 0.00000 0.00041   0.532

	   rsize  tdepth   ftree  actmax    nbbtot    nbctot   CPUfc
	    64.0      15   3.081    2090  46794193 335256508   0.070

        time   |T+U|       T      -U    -T/U  |Vcom|  |Jtot|  CPUtot
       0.219 0.24941 0.24891 0.49833 0.49950 0.00000 0.00041   0.608

	   rsize  tdepth   ftree  actmax    nbbtot    nbctot   CPUfc
	    64.0      17   3.084    2097  46821760 335262527   0.071

        time   |T+U|       T      -U    -T/U  |Vcom|  |Jtot|  CPUtot
       0.250 0.24942 0.24883 0.49825 0.49941 0.00000 0.00041   0.683

	   rsize  tdepth   ftree  actmax    nbbtot    nbctot   CPUfc
	    64.0      17   3.085    2083  46954943 335204480   0.071

        time   |T+U|       T      -U    -T/U  |Vcom|  |Jtot|  CPUtot
       0.281 0.24941 0.24874 0.49816 0.49933 0.00000 0.00041   0.758

	   rsize  tdepth   ftree  actmax    nbbtot    nbctot   CPUfc
	    64.0      16   3.083    2092  46818639 335732071   0.071

        time   |T+U|       T      -U    -T/U  |Vcom|  |Jtot|  CPUtot
       0.312 0.24941 0.24865 0.49807 0.49924 0.00000 0.00041   0.834

	   rsize  tdepth   ftree  actmax    nbbtot    nbctot   CPUfc
	    64.0      17   3.084    2089  47173169 335146853   0.071

        time   |T+U|       T      -U    -T/U  |Vcom|  |Jtot|  CPUtot
       0.344 0.24942 0.24856 0.49797 0.49914 0.00000 0.00041   0.909

	   rsize  tdepth   ftree  actmax    nbbtot    nbctot   CPUfc
	    64.0      18   3.086    2098  46950383 335548264   0.070

        time   |T+U|       T      -U    -T/U  |Vcom|  |Jtot|  CPUtot
       0.375 0.24943 0.24846 0.49789 0.49903 0.00000 0.00041   0.984

	   rsize  tdepth   ftree  actmax    nbbtot    nbctot   CPUfc
	    64.0      17   3.083    2090  46988617 335423232   0.071

        time   |T+U|       T      -U    -T/U  |Vcom|  |Jtot|  CPUtot
       0.406 0.24943 0.24836 0.49779 0.49893 0.00000 0.00041   1.060

	   rsize  tdepth   ftree  actmax    nbbtot    nbctot   CPUfc
	    64.0      16   3.083    2094  47149209 335863114   0.071

        time   |T+U|       T      -U    -T/U  |Vcom|  |Jtot|  CPUtot
       0.438 0.24942 0.24826 0.49768 0.49883 0.00000 0.00041   1.135

	   rsize  tdepth   ftree  actmax    nbbtot    nbctot   CPUfc
	    64.0      17   3.082    2096  47065078 335741247   0.071

        time   |T+U|       T      -U    -T/U  |Vcom|  |Jtot|  CPUtot
       0.469 0.24942 0.24816 0.49758 0.49873 0.00000 0.00041   1.210

	   rsize  tdepth   ftree  actmax    nbbtot    nbctot   CPUfc
	    64.0      17   3.078    2088  47171652 335731114   0.071

        time   |T+U|       T      -U    -T/U  |Vcom|  |Jtot|  CPUtot
       0.500 0.24943 0.24806 0.49748 0.49862 0.00000 0.00041   1.286

	   rsize  tdepth   ftree  actmax    nbbtot    nbctot   CPUfc
	    64.0      16   3.077    2096  47100322 336223981   0.071

        time   |T+U|       T      -U    -T/U  |Vcom|  |Jtot|  CPUtot
       0.531 0.24943 0.24795 0.49738 0.49852 0.00000 0.00041   1.361

	   rsize  tdepth   ftree  actmax    nbbtot    nbctot   CPUfc
	    64.0      16   3.079    2098  47028039 336355217   0.071

        time   |T+U|       T      -U    -T/U  |Vcom|  |Jtot|  CPUtot
       0.562 0.24943 0.24784 0.49728 0.49840 0.00000 0.00041   1.436

	   rsize  tdepth   ftree  actmax    nbbtot    nbctot   CPUfc
	    64.0      17   3.079    2108  47209352 336695053   0.071

        time   |T+U|       T      -U    -T/U  |Vcom|  |Jtot|  CPUtot
       0.594 0.24942 0.24774 0.49717 0.49831 0.00000 0.00041   1.512

	   rsize  tdepth   ftree  actmax    nbbtot    nbctot   CPUfc
	    64.0      16   3.075    2117  47116676 336739844   0.071

        time   |T+U|       T      -U    -T/U  |Vcom|  |Jtot|  CPUtot
       0.625 0.24944 0.24764 0.49708 0.49819 0.00001 0.00041   1.587

	   rsize  tdepth   ftree  actmax    nbbtot    nbctot   CPUfc
	    64.0      17   3.076    2110  47400839 336557149   0.071

        time   |T+U|       T      -U    -T/U  |Vcom|  |Jtot|  CPUtot
       0.656 0.24943 0.24754 0.49697 0.49810 0.00001 0.00041   1.663

	   rsize  tdepth   ftree  actmax    nbbtot    nbctot   CPUfc
	    64.0      17   3.081    2109  48057674 336372594   0.071

        time   |T+U|       T      -U    -T/U  |Vcom|  |Jtot|  CPUtot
       0.688 0.24943 0.24744 0.49687 0.49800 0.00001 0.00041   1.739

	   rsize  tdepth   ftree  actmax    nbbtot    nbctot   CPUfc
	    64.0      17   3.085    2115  48224996 336209511   0.071

        time   |T+U|       T      -U    -T/U  |Vcom|  |Jtot|  CPUtot
       0.719 0.24943 0.24734 0.49677 0.49790 0.00001 0.00041   1.814

	   rsize  tdepth   ftree  actmax    nbbtot    nbctot   CPUfc
	    64.0      16   3.080    2102  48044155 335902705   0.071

        time   |T+U|       T      -U    -T/U  |Vcom|  |Jtot|  CPUtot
       0.750 0.24944 0.24725 0.49668 0.49780 0.00001 0.00041   1.890

	   rsize  tdepth   ftree  actmax    nbbtot    nbctot   CPUfc
	    64.0      16   3.079    2096  48106320 335703586   0.071

        time   |T+U|       T      -U    -T/U  |Vcom|  |Jtot|  CPUtot
       0.781 0.24943 0.24715 0.49658 0.49771 0.00001 0.00041   1.965

	   rsize  tdepth   ftree  actmax    nbbtot    nbctot   CPUfc
	    64.0      17   3.081    2105  48407599 335443762   0.071

        time   |T+U|       T      -U    -T/U  |Vcom|  |Jtot|  CPUtot
       0.812 0.24943 0.24707 0.49650 0.49762 0.00001 0.00041   2.041

	   rsize  tdepth   ftree  actmax    nbbtot    nbctot   CPUfc
	    64.0      16   3.076    2107  48614728 335649189   0.071

        time   |T+U|       T      -U    -T/U  |Vcom|  |Jtot|  CPUtot
       0.844 0.24943 0.24699 0.49642 0.49754 0.00001 0.00041   2.116

	   rsize  tdepth   ftree  actmax    nbbtot    nbctot   CPUfc
	    64.0      17   3.076    2114  48671886 335668372   0.071

        time   |T+U|       T      -U    -T/U  |Vcom|  |Jtot|  CPUtot
       0.875 0.24943 0.24691 0.49634 0.49746 0.00001 0.00041   2.192

	   rsize  tdepth   ftree  actmax    nbbtot    nbctot   CPUfc
	    64.0      17   3.082    2116  48924210 335493145   0.071

        time   |T+U|       T      -U    -T/U  |Vcom|  |Jtot|  CPUtot
       0.906 0.24943 0.24683 0.49626 0.49739 0.00001 0.00041   2.268

	   rsize  tdepth   ftree  actmax    nbbtot    nbctot   CPUfc
	    64.0      16   3.082    2118  49027536 335598902   0.071

        time   |T+U|       T      -U    -T/U  |Vcom|  |Jtot|  CPUtot
       0.938 0.24943 0.24676 0.49620 0.49731 0.00001 0.00041   2.344

	   rsize  tdepth   ftree  actmax    nbbtot    nbctot   CPUfc
	    64.0      17   3.081    2111  48963445 335815324   0.071

        time   |T+U|       T      -U    -T/U  |Vcom|  |Jtot|  CPUtot
       0.969 0.24943 0.24669 0.49612 0.49725 0.00001 0.00041   2.419

	   rsize  tdepth   ftree  actmax    nbbtot    nbctot   CPUfc
	    64.0      17   3.077    2107  48807679 335689869   0.071

        time   |T+U|       T      -U    -T/U  |Vcom|  |Jtot|  CPUtot
       1.000 0.24944 0.24663 0.49607 0.49716 0.00001 0.00041   2.495

	   rsize  tdepth   ftree  actmax    nbbtot    nbctot   CPUfc
	    64.0      16   3.076    2103  48966065 335607075   0.071

        time   |T+U|       T      -U    -T/U  |Vcom|  |Jtot|  CPUtot
       1.031 0.24944 0.24657 0.49601 0.49710 0.00001 0.00041   2.571

	   rsize  tdepth   ftree  actmax    nbbtot    nbctot   CPUfc
	    64.0      16   3.076    2110  48757215 335946803   0.071

        time   |T+U|       T      -U    -T/U  |Vcom|  |Jtot|  CPUtot
       1.062 0.24944 0.24651 0.49595 0.49705 0.00001 0.00041   2.646

	   rsize  tdepth   ftree  actmax    nbbtot    nbctot   CPUfc
	    64.0      17   3.079    2098  49035198 335666888   0.071

        time   |T+U|       T      -U    -T/U  |Vcom|  |Jtot|  CPUtot
       1.094 0.24943 0.24646 0.49590 0.49700 0.00001 0.00041   2.722

	   rsize  tdepth   ftree  actmax    nbbtot    nbctot   CPUfc
	    64.0      16   3.078    2124  48997464 336431730   0.071

        time   |T+U|       T      -U    -T/U  |Vcom|  |Jtot|  CPUtot
       1.125 0.24943 0.24641 0.49585 0.49696 0.00001 0.00041   2.797

	   rsize  tdepth   ftree  actmax    nbbtot    nbctot   CPUfc
	    64.0      18   3.072    2123  49243856 336240031   0.072

        time   |T+U|       T      -U    -T/U  |Vcom|  |Jtot|  CPUtot
       1.156 0.24944 0.24637 0.49581 0.49690 0.00001 0.00041   2.874

	   rsize  tdepth   ftree  actmax    nbbtot    nbctot   CPUfc
	    64.0      17   3.076    2109  49109825 336383338   0.071

        time   |T+U|       T      -U    -T/U  |Vcom|  |Jtot|  CPUtot
       1.188 0.24944 0.24633 0.49577 0.49686 0.00001 0.00041   2.950

	   rsize  tdepth   ftree  actmax    nbbtot    nbctot   CPUfc
	    64.0      17   3.077    2116  49048555 336369391   0.071

        time   |T+U|       T      -U    -T/U  |Vcom|  |Jtot|  CPUtot
       1.219 0.24944 0.24629 0.49573 0.49682 0.00001 0.00041   3.026

	   rsize  tdepth   ftree  actmax    nbbtot    nbctot   CPUfc
	    64.0      18   3.080    2120  49513328 336361346   0.071

        time   |T+U|       T      -U    -T/U  |Vcom|  |Jtot|  CPUtot
       1.250 0.24943 0.24626 0.49569 0.49679 0.00001 0.00041   3.102

	   rsize  tdepth   ftree  actmax    nbbtot    nbctot   CPUfc
	    64.0      16   3.076    2117  49730187 336543812   0.071

        time   |T+U|       T      -U    -T/U  |Vcom|  |Jtot|  CPUtot
       1.281 0.24943 0.24623 0.49566 0.49677 0.00001 0.00041   3.177

	   rsize  tdepth   ftree  actmax    nbbtot    nbctot   CPUfc
	    64.0      16   3.079    2123  49652577 336518898   0.071

        time   |T+U|       T      -U    -T/U  |Vcom|  |Jtot|  CPUtot
       1.312 0.24943 0.24620 0.49563 0.49674 0.00001 0.00041   3.253

	   rsize  tdepth   ftree  actmax    nbbtot    nbctot   CPUfc
	    64.0      16   3.081    2123  49580929 336524632   0.071

        time   |T+U|       T      -U    -T/U  |Vcom|  |Jtot|  CPUtot
       1.344 0.24943 0.24617 0.49560 0.49672 0.00001 0.00041   3.329

	   rsize  tdepth   ftree  actmax    nbbtot    nbctot   CPUfc
	    64.0      16   3.086    2122  49449675 336457465   0.071

        time   |T+U|       T      -U    -T/U  |Vcom|  |Jtot|  CPUtot
       1.375 0.24943 0.24615 0.49557 0.49669 0.00001 0.00041   3.405

	   rsize  tdepth   ftree  actmax    nbbtot    nbctot   CPUfc
	    64.0      17   3.080    2116  49367177 336296929   0.071

        time   |T+U|       T      -U    -T/U  |Vcom|  |Jtot|  CPUtot
       1.406 0.24942 0.24613 0.49555 0.49668 0.00001 0.00041   3.481

	   rsize  tdepth   ftree  actmax    nbbtot    nbctot   CPUfc
	    64.0      17   3.083    2118  49645726 336193493   0.071

        time   |T+U|       T      -U    -T/U  |Vcom|  |Jtot|  CPUtot
       1.438 0.24942 0.24611 0.49553 0.49666 0.00001 0.00041   3.557

	   rsize  tdepth   ftree  actmax    nbbtot    nbctot   CPUfc
	    64.0      17   3.077    2109  50076701 335885958   0.072

        time   |T+U|       T      -U    -T/U  |Vcom|  |Jtot|  CPUtot
       1.469 0.24942 0.24609 0.49552 0.49664 0.00001 0.00041   3.633

	   rsize  tdepth   ftree  actmax    nbbtot    nbctot   CPUfc
	    64.0      16   3.077    2108  50343086 335875503   0.072

        time   |T+U|       T      -U    -T/U  |Vcom|  |Jtot|  CPUtot
       1.500 0.24943 0.24608 0.49551 0.49662 0.00001 0.00041   3.709

	   rsize  tdepth   ftree  actmax    nbbtot    nbctot   CPUfc
	    64.0      16   3.075    2109  50060436 335652682   0.071

        time   |T+U|       T      -U    -T/U  |Vcom|  |Jtot|  CPUtot
       1.531 0.24942 0.24607 0.49549 0.49662 0.00001 0.00041   3.785

	   rsize  tdepth   ftree  actmax    nbbtot    nbctot   CPUfc
	    64.0      17   3.075    2117  49720532 336038671   0.072

        time   |T+U|       T      -U    -T/U  |Vcom|  |Jtot|  CPUtot
       1.562 0.24942 0.24605 0.49547 0.49660 0.00001 0.00041   3.861

	   rsize  tdepth   ftree  actmax    nbbtot    nbctot   CPUfc
	    64.0      16   3.080    2130  49637251 335578370   0.071

        time   |T+U|       T      -U    -T/U  |Vcom|  |Jtot|  CPUtot
       1.594 0.24942 0.24604 0.49546 0.49660 0.00001 0.00041   3.937

	   rsize  tdepth   ftree  actmax    nbbtot    nbctot   CPUfc
	    64.0      17   3.077    2119  49291250 335836070   0.072

        time   |T+U|       T      -U    -T/U  |Vcom|  |Jtot|  CPUtot
       1.625 0.24942 0.24603 0.49545 0.49658 0.00001 0.00041   4.013

	   rsize  tdepth   ftree  actmax    nbbtot    nbctot   CPUfc
	    64.0      16   3.085    2114  49448216 335884433   0.071

        time   |T+U|       T      -U    -T/U  |Vcom|  |Jtot|  CPUtot
       1.656 0.24942 0.24603 0.49545 0.49658 0.00001 0.00041   4.089

	   rsize  tdepth   ftree  actmax    nbbtot    nbctot   CPUfc
	    64.0      16   3.084    2109  49405135 335794403   0.071

        time   |T+U|       T      -U    -T/U  |Vcom|  |Jtot|  CPUtot
       1.688 0.24943 0.24602 0.49544 0.49656 0.00001 0.00041   4.165

	   rsize  tdepth   ftree  actmax    nbbtot    nbctot   CPUfc
	    64.0      17   3.075    2114  49425155 335858732   0.071

        time   |T+U|       T      -U    -T/U  |Vcom|  |Jtot|  CPUtot
       1.719 0.24943 0.24601 0.49543 0.49655 0.00001 0.00041   4.241

	   rsize  tdepth   ftree  actmax    nbbtot    nbctot   CPUfc
	    64.0      17   3.082    2111  49404111 335662620   0.071

        time   |T+U|       T      -U    -T/U  |Vcom|  |Jtot|  CPUtot
       1.750 0.24942 0.24600 0.49542 0.49654 0.00001 0.00040   4.317

	   rsize  tdepth   ftree  actmax    nbbtot    nbctot   CPUfc
	    64.0      16   3.078    2111  48901303 335700481   0.071

        time   |T+U|       T      -U    -T/U  |Vcom|  |Jtot|  CPUtot
       1.781 0.24942 0.24599 0.49541 0.49654 0.00001 0.00040   4.393

	   rsize  tdepth   ftree  actmax    nbbtot    nbctot   CPUfc
	    64.0      17   3.080    2103  48889937 335978368   0.071

        time   |T+U|       T      -U    -T/U  |Vcom|  |Jtot|  CPUtot
       1.812 0.24943 0.24598 0.49541 0.49653 0.00001 0.00040   4.469

	   rsize  tdepth   ftree  actmax    nbbtot    nbctot   CPUfc
	    64.0      17   3.075    2103  48797502 336025060   0.071

        time   |T+U|       T      -U    -T/U  |Vcom|  |Jtot|  CPUtot
       1.844 0.24942 0.24598 0.49540 0.49652 0.00001 0.00041   4.545

	   rsize  tdepth   ftree  actmax    nbbtot    nbctot   CPUfc
	    64.0      17   3.078    2097  48874444 335975218   0.071

        time   |T+U|       T      -U    -T/U  |Vcom|  |Jtot|  CPUtot
       1.875 0.24943 0.24597 0.49540 0.49651 0.00001 0.00041   4.621

	   rsize  tdepth   ftree  actmax    nbbtot    nbctot   CPUfc
	    64.0      16   3.080    2096  48786563 335939359   0.072

        time   |T+U|       T      -U    -T/U  |Vcom|  |Jtot|  CPUtot
       1.906 0.24943 0.24596 0.49540 0.49650 0.00001 0.00041   4.697

	   rsize  tdepth   ftree  actmax    nbbtot    nbctot   CPUfc
	    64.0      16   3.077    2096  48785475 335790891   0.071

        time   |T+U|       T      -U    -T/U  |Vcom|  |Jtot|  CPUtot
       1.938 0.24943 0.24595 0.49539 0.49649 0.00001 0.00041   4.773

	   rsize  tdepth   ftree  actmax    nbbtot    nbctot   CPUfc
	    64.0      16   3.074    2098  48893513 335710157   0.071

        time   |T+U|       T      -U    -T/U  |Vcom|  |Jtot|  CPUtot
       1.969 0.24942 0.24595 0.49537 0.49649 0.00001 0.00041   4.849

	   rsize  tdepth   ftree  actmax    nbbtot    nbctot   CPUfc
	    64.0      16   3.082    2107  48889233 336258701   0.071

        time   |T+U|       T      -U    -T/U  |Vcom|  |Jtot|  CPUtot
       2.000 0.24942 0.24594 0.49537 0.49649 0.00001 0.00041   4.925
