
Hierarchical N-body code (theta scan)

   nbody     dtime       eps     theta   usequad     dtout     tstop
 2097152   0.03125    0.0250      1.00     false   0.25000    2.0000

	   rsize  tdepth   ftree  actmax    nbbtot    nbctot   CPUfc
	    64.0      18   3.081    2386 259070225-932103027   0.669

        time   |T+U|       T      -U    -T/U  |Vcom|  |Jtot|  CPUtot
       0.000 0.24961 0.24981 0.49942 0.50020 0.00000 0.00073   0.739

	   rsize  tdepth   ftree  actmax    nbbtot    nbctot   CPUfc
	    64.0      19   3.080    2386 259017501-932199043   0.666

        time   |T+U|       T      -U    -T/U  |Vcom|  |Jtot|  CPUtot
       0.031 0.24961 0.24980 0.49941 0.50019 0.00000 0.00073   1.453

	   rsize  tdepth   ftree  actmax    nbbtot    nbctot   CPUfc
	    64.0      17   3.081    2382 258497214-932325361   0.666

        time   |T+U|       T      -U    -T/U  |Vcom|  |Jtot|  CPUtot
       0.062 0.24961 0.24977 0.49938 0.50015 0.00000 0.00073   2.167

	   rsize  tdepth   ftree  actmax    nbbtot    nbctot   CPUfc
	    64.0      18   3.081    2382 258635156-932302298   0.666

        time   |T+U|       T      -U    -T/U  |Vcom|  |Jtot|  CPUtot
       0.094 0.24962 0.24974 0.49935 0.50012 0.00000 0.00073   2.881

	   rsize  tdepth   ftree  actmax    nbbtot    nbctot   CPUfc
	    64.0      19   3.080    2389 258386872-933126089   0.668

        time   |T+U|       T      -U    -T/U  |Vcom|  |Jtot|  CPUtot
       0.125 0.24961 0.24971 0.49931 0.50010 0.00000 0.00073   3.597

	   rsize  tdepth   ftree  actmax    nbbtot    nbctot   CPUfc
	    64.0      18   3.080    2385 258352984-933212508   0.667

        time   |T+U|       T      -U    -T/U  |Vcom|  |Jtot|  CPUtot
       0.156 0.24961 0.24966 0.49927 0.50004 0.00000 0.00073   4.311

	   rsize  tdepth   ftree  actmax    nbbtot    nbctot   CPUfc
	    64.0      18   3.079    2397 258157782-931028404   0.669

        time   |T+U|       T      -U    -T/U  |Vcom|  |Jtot|  CPUtot
       0.188 0.24961 0.24962 0.49923 0.50001 0.00000 0.00073   5.028

	   rsize  tdepth   ftree  actmax    nbbtot    nbctot   CPUfc
	    64.0      19   3.082    2377 257114052-931859246   0.667

        time   |T+U|       T      -U    -T/U  |Vcom|  |Jtot|  CPUtot
       0.219 0.24963 0.24956 0.49919 0.49993 0.00000 0.00073   5.743

	   rsize  tdepth   ftree  actmax    nbbtot    nbctot   CPUfc
	    64.0      18   3.080    2377 256821213-931718911   0.668

        time   |T+U|       T      -U    -T/U  |Vcom|  |Jtot|  CPUtot
       0.250 0.24963 0.24950 0.49913 0.49987 0.00000 0.00073   6.459

	   rsize  tdepth   ftree  actmax    nbbtot    nbctot   CPUfc
	    64.0      19   3.081    2381 256452189-930928164   0.668

        time   |T+U|       T      -U    -T/U  |Vcom|  |Jtot|  CPUtot
       0.281 0.24963 0.24944 0.49907 0.49981 0.00000 0.00073   7.175

	   rsize  tdepth   ftree  actmax    nbbtot    nbctot   CPUfc
	    64.0      18   3.080    2377 256552594-930946808   0.668

        time   |T+U|       T      -U    -T/U  |Vcom|  |Jtot|  CPUtot
       0.312 0.24963 0.24938 0.49901 0.49975 0.00000 0.00073   7.891

	   rsize  tdepth   ftree  actmax    nbbtot    nbctot   CPUfc
	    64.0      19   3.083    2379 256157128-931682592   0.668

        time   |T+U|       T      -U    -T/U  |Vcom|  |Jtot|  CPUtot
       0.344 0.24963 0.24932 0.49894 0.49969 0.00000 0.00073   8.607

	   rsize  tdepth   ftree  actmax    nbbtot    nbctot   CPUfc
	    64.0      19   3.081    2392 256675109-931819840   0.668

        time   |T+U|       T      -U    -T/U  |Vcom|  |Jtot|  CPUtot
       0.375 0.24964 0.24923 0.49887 0.49959 0.00000 0.00073   9.322

	   rsize  tdepth   ftree  actmax    nbbtot    nbctot   CPUfc
	    64.0      19   3.081    2383 256909940-931836092   0.668

        time   |T+U|       T      -U    -T/U  |Vcom|  |Jtot|  CPUtot
       0.406 0.24964 0.24916 0.49880 0.49952 0.00000 0.00073  10.037

	   rsize  tdepth   ftree  actmax    nbbtot    nbctot   CPUfc
	    64.0      19   3.081    2379 257663728-932003333   0.667

        time   |T+U|       T      -U    -T/U  |Vcom|  |Jtot|  CPUtot
       0.438 0.24964 0.24908 0.49873 0.49944 0.00000 0.00073  10.753

	   rsize  tdepth   ftree  actmax    nbbtot    nbctot   CPUfc
	    64.0      19   3.080    2381 257856661-931349802   0.668

        time   |T+U|       T      -U    -T/U  |Vcom|  |Jtot|  CPUtot
       0.469 0.24965 0.24900 0.49865 0.49936 0.00000 0.00073  11.469

	   rsize  tdepth   ftree  actmax    nbbtot    nbctot   CPUfc
	    64.0      19   3.081    2384 257476749-931056341   0.668

        time   |T+U|       T      -U    -T/U  |Vcom|  |Jtot|  CPUtot
       0.500 0.24964 0.24893 0.49857 0.49929 0.00000 0.00073  12.184

	   rsize  tdepth   ftree  actmax    nbbtot    nbctot   CPUfc
	    64.0      19   3.081    2382 257265276-930841877   0.668

        time   |T+U|       T      -U    -T/U  |Vcom|  |Jtot|  CPUtot
       0.531 0.24964 0.24884 0.49849 0.49920 0.00000 0.00073  12.900

	   rsize  tdepth   ftree  actmax    nbbtot    nbctot   CPUfc
	    64.0      18   3.080    2389 256772455-928773892   0.669

        time   |T+U|       T      -U    -T/U  |Vcom|  |Jtot|  CPUtot
       0.562 0.24964 0.24876 0.49840 0.49911 0.00000 0.00073  13.617

	   rsize  tdepth   ftree  actmax    nbbtot    nbctot   CPUfc
	    64.0      19   3.081    2382 257081575-928987845   0.668

        time   |T+U|       T      -U    -T/U  |Vcom|  |Jtot|  CPUtot
       0.594 0.24965 0.24867 0.49833 0.49902 0.00000 0.00073  14.333

	   rsize  tdepth   ftree  actmax    nbbtot    nbctot   CPUfc
	    64.0      18   3.082    2382 257198504-930871753   0.669

        time   |T+U|       T      -U    -T/U  |Vcom|  |Jtot|  CPUtot
       0.625 0.24965 0.24859 0.49824 0.49893 0.00000 0.00073  15.050

	   rsize  tdepth   ftree  actmax    nbbtot    nbctot   CPUfc
	    64.0      18   3.081    2384 259026712-931001985   0.668

        time   |T+U|       T      -U    -T/U  |Vcom|  |Jtot|  CPUtot
       0.656 0.24965 0.24850 0.49815 0.49884 0.00000 0.00073  15.766

	   rsize  tdepth   ftree  actmax    nbbtot    nbctot   CPUfc
	    64.0      19   3.081    2384 260170671-932659744   0.668

        time   |T+U|       T      -U    -T/U  |Vcom|  |Jtot|  CPUtot
       0.688 0.24965 0.24842 0.49807 0.49876 0.00000 0.00073  16.482

	   rsize  tdepth   ftree  actmax    nbbtot    nbctot   CPUfc
	    64.0      18   3.082    2380 258836745-934470898   0.670

        time   |T+U|       T      -U    -T/U  |Vcom|  |Jtot|  CPUtot
       0.719 0.24966 0.24832 0.49798 0.49866 0.00000 0.00073  17.199

	   rsize  tdepth   ftree  actmax    nbbtot    nbctot   CPUfc
	    64.0      19   3.082    2392 258248626-933883679   0.667

        time   |T+U|       T      -U    -T/U  |Vcom|  |Jtot|  CPUtot
       0.750 0.24968 0.24823 0.49791 0.49855 0.00000 0.00073  17.914

	   rsize  tdepth   ftree  actmax    nbbtot    nbctot   CPUfc
	    64.0      19   3.080    2380 258197523-933832565   0.669

        time   |T+U|       T      -U    -T/U  |Vcom|  |Jtot|  CPUtot
       0.781 0.24967 0.24815 0.49782 0.49848 0.00000 0.00073  18.631

	   rsize  tdepth   ftree  actmax    nbbtot    nbctot   CPUfc
	    64.0      19   3.080    2380 258281490-934104074   0.668

        time   |T+U|       T      -U    -T/U  |Vcom|  |Jtot|  CPUtot
       0.812 0.24967 0.24806 0.49773 0.49839 0.00000 0.00073  19.346

	   rsize  tdepth   ftree  actmax    nbbtot    nbctot   CPUfc
	    64.0      19   3.080    2379 258896741-934216233   0.668

        time   |T+U|       T      -U    -T/U  |Vcom|  |Jtot|  CPUtot
       0.844 0.24966 0.24798 0.49764 0.49830 0.00000 0.00073  20.062

	   rsize  tdepth   ftree  actmax    nbbtot    nbctot   CPUfc
	    64.0      19   3.082    2374 259408872-933020552   0.668

        time   |T+U|       T      -U    -T/U  |Vcom|  |Jtot|  CPUtot
       0.875 0.24967 0.24789 0.49756 0.49821 0.00000 0.00073  20.777

	   rsize  tdepth   ftree  actmax    nbbtot    nbctot   CPUfc
	    64.0      19   3.081    2387 258764111-931985545   0.668

        time   |T+U|       T      -U    -T/U  |Vcom|  |Jtot|  CPUtot
       0.906 0.24968 0.24781 0.49749 0.49812 0.00000 0.00073  21.493

	   rsize  tdepth   ftree  actmax    nbbtot    nbctot   CPUfc
	    64.0      19   3.080    2384 258888931-932184905   0.669

        time   |T+U|       T      -U    -T/U  |Vcom|  |Jtot|  CPUtot
       0.938 0.24967 0.24773 0.49740 0.49804 0.00000 0.00073  22.210

	   rsize  tdepth   ftree  actmax    nbbtot    nbctot   CPUfc
	    64.0      18   3.079    2384 258922439-932354999   0.668

        time   |T+U|       T      -U    -T/U  |Vcom|  |Jtot|  CPUtot
       0.969 0.24968 0.24764 0.49732 0.49794 0.00000 0.00073  22.926

	   rsize  tdepth   ftree  actmax    nbbtot    nbctot   CPUfc
	    64.0      20   3.083    2379 258910595-932255743   0.669

        time   |T+U|       T      -U    -T/U  |Vcom|  |Jtot|  CPUtot
       1.000 0.24968 0.24755 0.49724 0.49785 0.00000 0.00073  23.642

	   rsize  tdepth   ftree  actmax    nbbtot    nbctot   CPUfc
	    64.0      19   3.081    2383 256873197-932855207   0.668

        time   |T+U|       T      -U    -T/U  |Vcom|  |Jtot|  CPUtot
       1.031 0.24966 0.24748 0.49714 0.49780 0.00000 0.00073  24.358

	   rsize  tdepth   ftree  actmax    nbbtot    nbctot   CPUfc
	    64.0      18   3.079    2387 256816350-932898112   0.668

        time   |T+U|       T      -U    -T/U  |Vcom|  |Jtot|  CPUtot
       1.062 0.24967 0.24740 0.49707 0.49772 0.00000 0.00073  25.073

	   rsize  tdepth   ftree  actmax    nbbtot    nbctot   CPUfc
	    64.0      19   3.082    2383 256822200-931328384   0.667

        time   |T+U|       T      -U    -T/U  |Vcom|  |Jtot|  CPUtot
       1.094 0.24967 0.24733 0.49700 0.49764 0.00000 0.00073  25.789

	   rsize  tdepth   ftree  actmax    nbbtot    nbctot   CPUfc
	    64.0      18   3.081    2384 256568194-933384638   0.668

        time   |T+U|       T      -U    -T/U  |Vcom|  |Jtot|  CPUtot
       1.125 0.24966 0.24726 0.49692 0.49758 0.00000 0.00073  26.504

	   rsize  tdepth   ftree  actmax    nbbtot    nbctot   CPUfc
	    64.0      18   3.082    2381 256220569-931503531   0.669

        time   |T+U|       T      -U    -T/U  |Vcom|  |Jtot|  CPUtot
       1.156 0.24966 0.24718 0.49684 0.49751 0.00000 0.00073  27.221

	   rsize  tdepth   ftree  actmax    nbbtot    nbctot   CPUfc
	    64.0      18   3.082    2382 256114260-931789021   0.668

        time   |T+U|       T      -U    -T/U  |Vcom|  |Jtot|  CPUtot
       1.188 0.24967 0.24712 0.49678 0.49743 0.00000 0.00073  27.937

	   rsize  tdepth   ftree  actmax    nbbtot    nbctot   CPUfc
	    64.0      19   3.079    2379 255581277-931424859   0.667

        time   |T+U|       T      -U    -T/U  |Vcom|  |Jtot|  CPUtot
       1.219 0.24967 0.24705 0.49671 0.49736 0.00000 0.00073  28.652

	   rsize  tdepth   ftree  actmax    nbbtot    nbctot   CPUfc
	    64.0      18   3.081    2387 255447769-931316880   0.668

        time   |T+U|       T      -U    -T/U  |Vcom|  |Jtot|  CPUtot
       1.250 0.24967 0.24699 0.49665 0.49730 0.00000 0.00073  29.368

	   rsize  tdepth   ftree  actmax    nbbtot    nbctot   CPUfc
	    64.0      19   3.081    2379 254891897-931409348   0.668

        time   |T+U|       T      -U    -T/U  |Vcom|  |Jtot|  CPUtot
       1.281 0.24968 0.24692 0.49660 0.49722 0.00000 0.00073  30.083

	   rsize  tdepth   ftree  actmax    nbbtot    nbctot   CPUfc
	    64.0      19   3.078    2377 253304190-929591007   0.667

        time   |T+U|       T      -U    -T/U  |Vcom|  |Jtot|  CPUtot
       1.312 0.24968 0.24687 0.49655 0.49717 0.00000 0.00073  30.798

	   rsize  tdepth   ftree  actmax    nbbtot    nbctot   CPUfc
	    64.0      18   3.080    2374 253136739-929945972   0.668

        time   |T+U|       T      -U    -T/U  |Vcom|  |Jtot|  CPUtot
       1.344 0.24968 0.24682 0.49650 0.49712 0.00000 0.00073  31.513

	   rsize  tdepth   ftree  actmax    nbbtot    nbctot   CPUfc
	    64.0      19   3.080    2371 254328482-930707383   0.668

        time   |T+U|       T      -U    -T/U  |Vcom|  |Jtot|  CPUtot
       1.375 0.24967 0.24677 0.49644 0.49708 0.00000 0.00073  32.230

	   rsize  tdepth   ftree  actmax    nbbtot    nbctot   CPUfc
	    64.0      19   3.080    2373 254155222-932474713   0.667

        time   |T+U|       T      -U    -T/U  |Vcom|  |Jtot|  CPUtot
       1.406 0.24966 0.24672 0.49639 0.49704 0.00000 0.00073  32.944

	   rsize  tdepth   ftree  actmax    nbbtot    nbctot   CPUfc
	    64.0      18   3.079    2389 254388007-932618548   0.667

        time   |T+U|       T      -U    -T/U  |Vcom|  |Jtot|  CPUtot
       1.438 0.24967 0.24668 0.49635 0.49699 0.00000 0.00073  33.659

	   rsize  tdepth   ftree  actmax    nbbtot    nbctot   CPUfc
	    64.0      19   3.081    2391 254753152-932849785   0.667

        time   |T+U|       T      -U    -T/U  |Vcom|  |Jtot|  CPUtot
       1.469 0.24968 0.24663 0.49631 0.49693 0.00000 0.00073  34.374

	   rsize  tdepth   ftree  actmax    nbbtot    nbctot   CPUfc
	    64.0      19   3.081    2378 255267713-933111828   0.668

        time   |T+U|       T      -U    -T/U  |Vcom|  |Jtot|  CPUtot
       1.500 0.24967 0.24659 0.49626 0.49690 0.00000 0.00073  35.090

	   rsize  tdepth   ftree  actmax    nbbtot    nbctot   CPUfc
	    64.0      19   3.082    2376 254925810-932733034   0.667

        time   |T+U|       T      -U    -T/U  |Vcom|  |Jtot|  CPUtot
       1.531 0.24966 0.24656 0.49622 0.49688 0.00000 0.00073  35.804

	   rsize  tdepth   ftree  actmax    nbbtot    nbctot   CPUfc
	    64.0      19   3.081    2383 254794059-932923182   0.667

        time   |T+U|       T      -U    -T/U  |Vcom|  |Jtot|  CPUtot
       1.562 0.24968 0.24652 0.49620 0.49681 0.00000 0.00073  36.520

	   rsize  tdepth   ftree  actmax    nbbtot    nbctot   CPUfc
	    64.0      19   3.083    2385 255007823-931075610   0.668

        time   |T+U|       T      -U    -T/U  |Vcom|  |Jtot|  CPUtot
       1.594 0.24968 0.24648 0.49616 0.49678 0.00000 0.00073  37.235

	   rsize  tdepth   ftree  actmax    nbbtot    nbctot   CPUfc
	    64.0      19   3.082    2390 255019510-931202110   0.667

        time   |T+U|       T      -U    -T/U  |Vcom|  |Jtot|  CPUtot
       1.625 0.24967 0.24645 0.49613 0.49675 0.00000 0.00073  37.950

	   rsize  tdepth   ftree  actmax    nbbtot    nbctot   CPUfc
	    64.0      19   3.080    2382 255482325-932610254   0.667

        time   |T+U|       T      -U    -T/U  |Vcom|  |Jtot|  CPUtot
       1.656 0.24966 0.24643 0.49609 0.49674 0.00000 0.00073  38.665

	   rsize  tdepth   ftree  actmax    nbbtot    nbctot   CPUfc
	    64.0      18   3.080    2381 254339282-932763007   0.668

        time   |T+U|       T      -U    -T/U  |Vcom|  |Jtot|  CPUtot
       1.688 0.24968 0.24639 0.49607 0.49669 0.00000 0.00073  39.380

	   rsize  tdepth   ftree  actmax    nbbtot    nbctot   CPUfc
	    64.0      19   3.080    2382 254512188-930805404   0.668

        time   |T+U|       T      -U    -T/U  |Vcom|  |Jtot|  CPUtot
       1.719 0.24968 0.24638 0.49606 0.49667 0.00000 0.00073  40.096

	   rsize  tdepth   ftree  actmax    nbbtot    nbctot   CPUfc
	    64.0      18   3.081    2381 254799617-930900891   0.667

        time   |T+U|       T      -U    -T/U  |Vcom|  |Jtot|  CPUtot
       1.750 0.24969 0.24635 0.49603 0.49664 0.00000 0.00073  40.811

	   rsize  tdepth   ftree  actmax    nbbtot    nbctot   CPUfc
	    64.0      19   3.081    2380 254609357-930898182   0.668

        time   |T+U|       T      -U    -T/U  |Vcom|  |Jtot|  CPUtot
       1.781 0.24969 0.24633 0.49602 0.49662 0.00000 0.00073  41.527

	   rsize  tdepth   ftree  actmax    nbbtot    nbctot   CPUfc
	    64.0      19   3.081    2377 255018577-930690367   0.668

        time   |T+U|       T      -U    -T/U  |Vcom|  |Jtot|  CPUtot
       1.812 0.24968 0.24632 0.49600 0.49661 0.00000 0.00073  42.243

	   rsize  tdepth   ftree  actmax    nbbtot    nbctot   CPUfc
	    64.0      19   3.081    2380 255708694-930837237   0.667

        time   |T+U|       T      -U    -T/U  |Vcom|  |Jtot|  CPUtot
       1.844 0.24969 0.24630 0.49599 0.49658 0.00000 0.00073  42.958

	   rsize  tdepth   ftree  actmax    nbbtot    nbctot   CPUfc
	    64.0      19   3.081    2372 255606121-932637496   0.667

        time   |T+U|       T      -U    -T/U  |Vcom|  |Jtot|  CPUtot
       1.875 0.24968 0.24629 0.49597 0.49658 0.00000 0.00073  43.673

	   rsize  tdepth   ftree  actmax    nbbtot    nbctot   CPUfc
	    64.0      20   3.078    2381 256025941-933104702   0.668

        time   |T+U|       T      -U    -T/U  |Vcom|  |Jtot|  CPUtot
       1.906 0.24967 0.24628 0.49595 0.49658 0.00000 0.00073  44.389

	   rsize  tdepth   ftree  actmax    nbbtot    nbctot   CPUfc
	    64.0      18   3.081    2381 256371685-933179758   0.668

        time   |T+U|       T      -U    -T/U  |Vcom|  |Jtot|  CPUtot
       1.938 0.24966 0.24626 0.49592 0.49657 0.00000 0.00073  45.104

	   rsize  tdepth   ftree  actmax    nbbtot    nbctot   CPUfc
	    64.0      18   3.083    2377 256970703-933380150   0.667

        time   |T+U|       T      -U    -T/U  |Vcom|  |Jtot|  CPUtot
       1.969 0.24967 0.24625 0.49593 0.49655 0.00000 0.00073  45.819

	   rsize  tdepth   ftree  actmax    nbbtot    nbctot   CPUfc
	    64.0      19   3.082    2388 257355527-930795608   0.668

        time   |T+U|       T      -U    -T/U  |Vcom|  |Jtot|  CPUtot
       2.000 0.24967 0.24625 0.49592 0.49656 0.00000 0.00073  46.535
