
Hierarchical N-body code (theta scan)

   nbody     dtime       eps     theta   usequad     dtout     tstop
 4194304   0.03125    0.0250      1.00     false   0.25000    2.0000

	   rsize  tdepth   ftree  actmax    nbbtot    nbctot   CPUfc
	    64.0      19   3.081    2478 472167367-1514911774   1.386

        time   |T+U|       T      -U    -T/U  |Vcom|  |Jtot|  CPUtot
       0.000 0.24915 0.24980 0.49895 0.50065 0.00000 0.00065   1.529

	   rsize  tdepth   ftree  actmax    nbbtot    nbctot   CPUfc
	    64.0      19   3.080    2478 472332845-1514938941   1.393

        time   |T+U|       T      -U    -T/U  |Vcom|  |Jtot|  CPUtot
       0.031 0.24915 0.24978 0.49893 0.50063 0.00000 0.00065   3.022

	   rsize  tdepth   ftree  actmax    nbbtot    nbctot   CPUfc
	    64.0      20   3.080    2474 472294167-1515336968   1.395

        time   |T+U|       T      -U    -T/U  |Vcom|  |Jtot|  CPUtot
       0.062 0.24915 0.24977 0.49892 0.50062 0.00000 0.00065   4.518

	   rsize  tdepth   ftree  actmax    nbbtot    nbctot   CPUfc
	    64.0      20   3.081    2477 472321176-1515587565   1.396

        time   |T+U|       T      -U    -T/U  |Vcom|  |Jtot|  CPUtot
       0.094 0.24913 0.24974 0.49887 0.50061 0.00000 0.00065   6.015

	   rsize  tdepth   ftree  actmax    nbbtot    nbctot   CPUfc
	    64.0      19   3.081    2480 473535358-1512872819   1.393

        time   |T+U|       T      -U    -T/U  |Vcom|  |Jtot|  CPUtot
       0.125 0.24915 0.24970 0.49885 0.50055 0.00000 0.00065   7.509

	   rsize  tdepth   ftree  actmax    nbbtot    nbctot   CPUfc
	    64.0      19   3.080    2484 474402727-1512636775   1.393

        time   |T+U|       T      -U    -T/U  |Vcom|  |Jtot|  CPUtot
       0.156 0.24915 0.24966 0.49881 0.50051 0.00000 0.00065   9.004

	   rsize  tdepth   ftree  actmax    nbbtot    nbctot   CPUfc
	    64.0      19   3.080    2504 474597755-1512889946   1.393

        time   |T+U|       T      -U    -T/U  |Vcom|  |Jtot|  CPUtot
       0.188 0.24915 0.24961 0.49875 0.50046 0.00000 0.00065  10.498

	   rsize  tdepth   ftree  actmax    nbbtot    nbctot   CPUfc
	    64.0      19   3.079    2481 474450667-1512692995   1.396

        time   |T+U|       T      -U    -T/U  |Vcom|  |Jtot|  CPUtot
       0.219 0.24916 0.24955 0.49870 0.50039 0.00000 0.00065  11.995

	   rsize  tdepth   ftree  actmax    nbbtot    nbctot   CPUfc
	    64.0      19   3.080    2479 474528077-1513087253   1.395

        time   |T+U|       T      -U    -T/U  |Vcom|  |Jtot|  CPUtot
       0.250 0.24916 0.24950 0.49866 0.50034 0.00000 0.00065  13.492

	   rsize  tdepth   ftree  actmax    nbbtot    nbctot   CPUfc
	    64.0      20   3.080    2479 474640898-1513216558   1.398

        time   |T+U|       T      -U    -T/U  |Vcom|  |Jtot|  CPUtot
       0.281 0.24916 0.24944 0.49859 0.50028 0.00000 0.00065  14.991

	   rsize  tdepth   ftree  actmax    nbbtot    nbctot   CPUfc
	    64.0      19   3.080    2475 472784347-1514752355   1.395

        time   |T+U|       T      -U    -T/U  |Vcom|  |Jtot|  CPUtot
       0.312 0.24913 0.24937 0.49851 0.50024 0.00000 0.00065  16.487

	   rsize  tdepth   ftree  actmax    nbbtot    nbctot   CPUfc
	    64.0      19   3.080    2478 475216427-1517607263   1.395

        time   |T+U|       T      -U    -T/U  |Vcom|  |Jtot|  CPUtot
       0.344 0.24913 0.24929 0.49843 0.50016 0.00000 0.00065  17.983

	   rsize  tdepth   ftree  actmax    nbbtot    nbctot   CPUfc
	    64.0      19   3.080    2481 471908584-1516127257   1.394

        time   |T+U|       T      -U    -T/U  |Vcom|  |Jtot|  CPUtot
       0.375 0.24913 0.24921 0.49834 0.50007 0.00000 0.00065  19.478

	   rsize  tdepth   ftree  actmax    nbbtot    nbctot   CPUfc
	    64.0      19   3.080    2492 472080307-1509812739   1.396

        time   |T+U|       T      -U    -T/U  |Vcom|  |Jtot|  CPUtot
       0.406 0.24913 0.24913 0.49826 0.50000 0.00000 0.00065  20.976

	   rsize  tdepth   ftree  actmax    nbbtot    nbctot   CPUfc
	    64.0      20   3.081    2480 476342165-1514824785   1.397

        time   |T+U|       T      -U    -T/U  |Vcom|  |Jtot|  CPUtot
       0.438 0.24913 0.24905 0.49818 0.49992 0.00000 0.00065  22.474

	   rsize  tdepth   ftree  actmax    nbbtot    nbctot   CPUfc
	    64.0      20   3.082    2480 475429970-1516299598   1.396

        time   |T+U|       T      -U    -T/U  |Vcom|  |Jtot|  CPUtot
       0.469 0.24914 0.24896 0.49810 0.49982 0.00000 0.00065  23.972

	   rsize  tdepth   ftree  actmax    nbbtot    nbctot   CPUfc
	    64.0      18   3.080    2481 474491217-1515559218   1.396

        time   |T+U|       T      -U    -T/U  |Vcom|  |Jtot|  CPUtot
       0.500 0.24913 0.24887 0.49800 0.49974 0.00000 0.00065  25.469

	   rsize  tdepth   ftree  actmax    nbbtot    nbctot   CPUfc
	    64.0      19   3.080    2485 474451854-1512529646   1.396

        time   |T+U|       T      -U    -T/U  |Vcom|  |Jtot|  CPUtot
       0.531 0.24912 0.24879 0.49791 0.49967 0.00000 0.00065  26.966

	   rsize  tdepth   ftree  actmax    nbbtot    nbctot   CPUfc
	    64.0      20   3.079    2486 474363503-1513203901   1.395

        time   |T+U|       T      -U    -T/U  |Vcom|  |Jtot|  CPUtot
       0.562 0.24911 0.24869 0.49780 0.49959 0.00000 0.00065  28.463

	   rsize  tdepth   ftree  actmax    nbbtot    nbctot   CPUfc
	    64.0      19   3.082    2477 475288701-1514116918   1.400

        time   |T+U|       T      -U    -T/U  |Vcom|  |Jtot|  CPUtot
       0.594 0.24912 0.24861 0.49772 0.49949 0.00000 0.00065  29.963

	   rsize  tdepth   ftree  actmax    nbbtot    nbctot   CPUfc
	    64.0      19   3.081    2470 480318671-1518633017   1.398

        time   |T+U|       T      -U    -T/U  |Vcom|  |Jtot|  CPUtot
       0.625 0.24910 0.24852 0.49762 0.49941 0.00000 0.00065  31.463

	   rsize  tdepth   ftree  actmax    nbbtot    nbctot   CPUfc
	    64.0      19   3.080    2483 480419565-1517069061   1.399

        time   |T+U|       T      -U    -T/U  |Vcom|  |Jtot|  CPUtot
       0.656 0.24912 0.24841 0.49753 0.49929 0.00000 0.00065  32.964

	   rsize  tdepth   ftree  actmax    nbbtot    nbctot   CPUfc
	    64.0      20   3.079    2477 476065064-1512908886   1.396

        time   |T+U|       T      -U    -T/U  |Vcom|  |Jtot|  CPUtot
       0.688 0.24912 0.24833 0.49744 0.49920 0.00000 0.00065  34.461

	   rsize  tdepth   ftree  actmax    nbbtot    nbctot   CPUfc
	    64.0      20   3.082    2481 477967683-1513558508   1.396

        time   |T+U|       T      -U    -T/U  |Vcom|  |Jtot|  CPUtot
       0.719 0.24912 0.24823 0.49735 0.49911 0.00000 0.00065  35.959

	   rsize  tdepth   ftree  actmax    nbbtot    nbctot   CPUfc
	    64.0      20   3.081    2475 477824082-1513591818   1.396

        time   |T+U|       T      -U    -T/U  |Vcom|  |Jtot|  CPUtot
       0.750 0.24913 0.24813 0.49726 0.49899 0.00000 0.00065  37.456

	   rsize  tdepth   ftree  actmax    nbbtot    nbctot   CPUfc
	    64.0      19   3.080    2486 476251646-1513374727   1.398

        time   |T+U|       T      -U    -T/U  |Vcom|  |Jtot|  CPUtot
       0.781 0.24911 0.24804 0.49715 0.49892 0.00000 0.00065  38.956

	   rsize  tdepth   ftree  actmax    nbbtot    nbctot   CPUfc
	    64.0      19   3.080    2476 476776108-1513153170   1.399

        time   |T+U|       T      -U    -T/U  |Vcom|  |Jtot|  CPUtot
       0.812 0.24911 0.24794 0.49705 0.49882 0.00000 0.00065  40.457

	   rsize  tdepth   ftree  actmax    nbbtot    nbctot   CPUfc
	    64.0      20   3.081    2478 477729652-1513624665   1.396

        time   |T+U|       T      -U    -T/U  |Vcom|  |Jtot|  CPUtot
       0.844 0.24911 0.24783 0.49694 0.49872 0.00000 0.00065  41.954

	   rsize  tdepth   ftree  actmax    nbbtot    nbctot   CPUfc
	    64.0      20   3.080    2480 475441372-1513573307   1.395

        time   |T+U|       T      -U    -T/U  |Vcom|  |Jtot|  CPUtot
       0.875 0.24910 0.24774 0.49684 0.49863 0.00000 0.00065  43.451

	   rsize  tdepth   ftree  actmax    nbbtot    nbctot   CPUfc
	    64.0      20   3.080    2480 476191099-1513756533   1.396

        time   |T+U|       T      -U    -T/U  |Vcom|  |Jtot|  CPUtot
       0.906 0.24909 0.24766 0.49675 0.49857 0.00000 0.00065  44.949

	   rsize  tdepth   ftree  actmax    nbbtot    nbctot   CPUfc
	    64.0      21   3.080    2484 476045578-1513899682   1.397

        time   |T+U|       T      -U    -T/U  |Vcom|  |Jtot|  CPUtot
       0.938 0.24909 0.24756 0.49665 0.49846 0.00000 0.00065  46.447

	   rsize  tdepth   ftree  actmax    nbbtot    nbctot   CPUfc
	    64.0      19   3.081    2474 476104441-1514070807   1.398

        time   |T+U|       T      -U    -T/U  |Vcom|  |Jtot|  CPUtot
       0.969 0.24909 0.24746 0.49654 0.49835 0.00000 0.00065  47.947

	   rsize  tdepth   ftree  actmax    nbbtot    nbctot   CPUfc
	    64.0      18   3.080    2469 475249516-1516612941   1.397

        time   |T+U|       T      -U    -T/U  |Vcom|  |Jtot|  CPUtot
       1.000 0.24909 0.24737 0.49646 0.49826 0.00000 0.00065  49.446

	   rsize  tdepth   ftree  actmax    nbbtot    nbctot   CPUfc
	    64.0      19   3.079    2469 471203782-1516952613   1.397

        time   |T+U|       T      -U    -T/U  |Vcom|  |Jtot|  CPUtot
       1.031 0.24909 0.24728 0.49637 0.49817 0.00000 0.00065  50.945

	   rsize  tdepth   ftree  actmax    nbbtot    nbctot   CPUfc
	    64.0      19   3.081    2472 471450835-1517311572   1.397

        time   |T+U|       T      -U    -T/U  |Vcom|  |Jtot|  CPUtot
       1.062 0.24908 0.24719 0.49627 0.49810 0.00000 0.00065  52.444

	   rsize  tdepth   ftree  actmax    nbbtot    nbctot   CPUfc
	    64.0      19   3.081    2472 471220615-1517379789   1.397

        time   |T+U|       T      -U    -T/U  |Vcom|  |Jtot|  CPUtot
       1.094 0.24906 0.24711 0.49617 0.49803 0.00000 0.00065  53.942

	   rsize  tdepth   ftree  actmax    nbbtot    nbctot   CPUfc
	    64.0      20   3.081    2472 475503273-1517981177   1.395

        time   |T+U|       T      -U    -T/U  |Vcom|  |Jtot|  CPUtot
       1.125 0.24906 0.24703 0.49609 0.49795 0.00000 0.00065  55.439

	   rsize  tdepth   ftree  actmax    nbbtot    nbctot   CPUfc
	    64.0      19   3.080    2484 475740294-1515198601   1.398

        time   |T+U|       T      -U    -T/U  |Vcom|  |Jtot|  CPUtot
       1.156 0.24906 0.24694 0.49600 0.49786 0.00000 0.00065  56.938

	   rsize  tdepth   ftree  actmax    nbbtot    nbctot   CPUfc
	    64.0      19   3.081    2490 474940006-1516639566   1.398

        time   |T+U|       T      -U    -T/U  |Vcom|  |Jtot|  CPUtot
       1.188 0.24906 0.24687 0.49593 0.49778 0.00000 0.00065  58.438

	   rsize  tdepth   ftree  actmax    nbbtot    nbctot   CPUfc
	    64.0      19   3.082    2494 475242403-1516935921   1.399

        time   |T+U|       T      -U    -T/U  |Vcom|  |Jtot|  CPUtot
       1.219 0.24908 0.24677 0.49585 0.49767 0.00000 0.00065  59.938

	   rsize  tdepth   ftree  actmax    nbbtot    nbctot   CPUfc
	    64.0      19   3.082    2481 475712827-1517668357   1.398

        time   |T+U|       T      -U    -T/U  |Vcom|  |Jtot|  CPUtot
       1.250 0.24909 0.24669 0.49578 0.49758 0.00000 0.00065  61.438

	   rsize  tdepth   ftree  actmax    nbbtot    nbctot   CPUfc
	    64.0      19   3.081    2475 475319143-1517672892   1.398

        time   |T+U|       T      -U    -T/U  |Vcom|  |Jtot|  CPUtot
       1.281 0.24908 0.24661 0.49570 0.49751 0.00000 0.00065  62.936

	   rsize  tdepth   ftree  actmax    nbbtot    nbctot   CPUfc
	    64.0      19   3.080    2473 472189009-1513909976   1.398

        time   |T+U|       T      -U    -T/U  |Vcom|  |Jtot|  CPUtot
       1.312 0.24908 0.24654 0.49562 0.49744 0.00000 0.00065  64.436

	   rsize  tdepth   ftree  actmax    nbbtot    nbctot   CPUfc
	    64.0      21   3.082    2483 472720032-1514564865   1.397

        time   |T+U|       T      -U    -T/U  |Vcom|  |Jtot|  CPUtot
       1.344 0.24910 0.24646 0.49557 0.49734 0.00000 0.00065  65.933

	   rsize  tdepth   ftree  actmax    nbbtot    nbctot   CPUfc
	    64.0      19   3.080    2473 471978865-1515265690   1.398

        time   |T+U|       T      -U    -T/U  |Vcom|  |Jtot|  CPUtot
       1.375 0.24909 0.24640 0.49549 0.49728 0.00000 0.00065  67.433

	   rsize  tdepth   ftree  actmax    nbbtot    nbctot   CPUfc
	    64.0      22   3.082    2472 472405144-1519483033   1.398

        time   |T+U|       T      -U    -T/U  |Vcom|  |Jtot|  CPUtot
       1.406 0.24908 0.24634 0.49542 0.49723 0.00000 0.00065  68.931

	   rsize  tdepth   ftree  actmax    nbbtot    nbctot   CPUfc
	    64.0      19   3.079    2475 471788949-1519078934   1.398

        time   |T+U|       T      -U    -T/U  |Vcom|  |Jtot|  CPUtot
       1.438 0.24907 0.24628 0.49535 0.49719 0.00000 0.00065  70.430

	   rsize  tdepth   ftree  actmax    nbbtot    nbctot   CPUfc
	    64.0      20   3.081    2471 475961233-1517976765   1.395

        time   |T+U|       T      -U    -T/U  |Vcom|  |Jtot|  CPUtot
       1.469 0.24908 0.24621 0.49529 0.49710 0.00000 0.00065  71.926

	   rsize  tdepth   ftree  actmax    nbbtot    nbctot   CPUfc
	    64.0      19   3.080    2476 477113400-1518165549   1.398

        time   |T+U|       T      -U    -T/U  |Vcom|  |Jtot|  CPUtot
       1.500 0.24908 0.24616 0.49524 0.49704 0.00000 0.00065  73.426

	   rsize  tdepth   ftree  actmax    nbbtot    nbctot   CPUfc
	    64.0      19   3.080    2483 476387785-1516111480   1.399

        time   |T+U|       T      -U    -T/U  |Vcom|  |Jtot|  CPUtot
       1.531 0.24908 0.24610 0.49517 0.49699 0.00000 0.00065  74.926

	   rsize  tdepth   ftree  actmax    nbbtot    nbctot   CPUfc
	    64.0      19   3.080    2486 476184865-1516257078   1.398

        time   |T+U|       T      -U    -T/U  |Vcom|  |Jtot|  CPUtot
       1.562 0.24909 0.24602 0.49511 0.49690 0.00000 0.00065  76.425

	   rsize  tdepth   ftree  actmax    nbbtot    nbctot   CPUfc
	    64.0      20   3.082    2481 476636415-1512929683   1.395

        time   |T+U|       T      -U    -T/U  |Vcom|  |Jtot|  CPUtot
       1.594 0.24907 0.24598 0.49506 0.49688 0.00000 0.00065  77.922

	   rsize  tdepth   ftree  actmax    nbbtot    nbctot   CPUfc
	    64.0      19   3.081    2483 476094672-1512557364   1.398

        time   |T+U|       T      -U    -T/U  |Vcom|  |Jtot|  CPUtot
       1.625 0.24908 0.24593 0.49501 0.49681 0.00000 0.00065  79.423

	   rsize  tdepth   ftree  actmax    nbbtot    nbctot   CPUfc
	    64.0      20   3.080    2485 477315652-1514004273   1.396

        time   |T+U|       T      -U    -T/U  |Vcom|  |Jtot|  CPUtot
       1.656 0.24908 0.24588 0.49496 0.49676 0.00000 0.00065  80.920

	   rsize  tdepth   ftree  actmax    nbbtot    nbctot   CPUfc
	    64.0      19   3.080    2481 477486437-1513982281   1.399

        time   |T+U|       T      -U    -T/U  |Vcom|  |Jtot|  CPUtot
       1.688 0.24909 0.24583 0.49491 0.49671 0.00000 0.00065  82.421

	   rsize  tdepth   ftree  actmax    nbbtot    nbctot   CPUfc
	    64.0      19   3.080    2481 476620251-1513877284   1.398

        time   |T+U|       T      -U    -T/U  |Vcom|  |Jtot|  CPUtot
       1.719 0.24909 0.24579 0.49488 0.49667 0.00000 0.00065  83.920

	   rsize  tdepth   ftree  actmax    nbbtot    nbctot   CPUfc
	    64.0      19   3.081    2476 477108138-1514273575   1.399

        time   |T+U|       T      -U    -T/U  |Vcom|  |Jtot|  CPUtot
       1.750 0.24909 0.24575 0.49484 0.49663 0.00000 0.00065  85.421

	   rsize  tdepth   ftree  actmax    nbbtot    nbctot   CPUfc
	    64.0      20   3.080    2478 477136232-1512568938   1.396

        time   |T+U|       T      -U    -T/U  |Vcom|  |Jtot|  CPUtot
       1.781 0.24909 0.24570 0.49480 0.49658 0.00000 0.00065  86.918

	   rsize  tdepth   ftree  actmax    nbbtot    nbctot   CPUfc
	    64.0      22   3.080    2474 477709946-1512827486   1.400

        time   |T+U|       T      -U    -T/U  |Vcom|  |Jtot|  CPUtot
       1.812 0.24908 0.24568 0.49476 0.49657 0.00000 0.00065  88.419

	   rsize  tdepth   ftree  actmax    nbbtot    nbctot   CPUfc
	    64.0      19   3.080    2476 477873097-1512876661   1.400

        time   |T+U|       T      -U    -T/U  |Vcom|  |Jtot|  CPUtot
       1.844 0.24909 0.24565 0.49474 0.49652 0.00000 0.00065  89.920

	   rsize  tdepth   ftree  actmax    nbbtot    nbctot   CPUfc
	    64.0      20   3.081    2478 478087485-1513000718   1.396

        time   |T+U|       T      -U    -T/U  |Vcom|  |Jtot|  CPUtot
       1.875 0.24909 0.24561 0.49470 0.49649 0.00000 0.00065  91.418

	   rsize  tdepth   ftree  actmax    nbbtot    nbctot   CPUfc
	    64.0      20   3.081    2471 478549052-1514200001   1.395

        time   |T+U|       T      -U    -T/U  |Vcom|  |Jtot|  CPUtot
       1.906 0.24908 0.24559 0.49467 0.49647 0.00000 0.00065  92.915

	   rsize  tdepth   ftree  actmax    nbbtot    nbctot   CPUfc
	    64.0      19   3.081    2479 478924707-1514667367   1.399

        time   |T+U|       T      -U    -T/U  |Vcom|  |Jtot|  CPUtot
       1.938 0.24907 0.24555 0.49463 0.49644 0.00000 0.00065  94.415

	   rsize  tdepth   ftree  actmax    nbbtot    nbctot   CPUfc
	    64.0      19   3.080    2483 478932106-1514705887   1.399

        time   |T+U|       T      -U    -T/U  |Vcom|  |Jtot|  CPUtot
       1.969 0.24909 0.24553 0.49462 0.49640 0.00000 0.00065  95.916

	   rsize  tdepth   ftree  actmax    nbbtot    nbctot   CPUfc
	    64.0      19   3.080    2472 479140848-1514780901   1.399

        time   |T+U|       T      -U    -T/U  |Vcom|  |Jtot|  CPUtot
       2.000 0.24909 0.24551 0.49460 0.49638 0.00000 0.00065  97.416
